[[1;34mINFO[m] Scanning for projects...
[[1;34mINFO[m] 
[[1;34mINFO[m] [1m----------------< [0;36mcom.fareye.labelengine:label-server[0;1m >-----------------[m
[[1;34mINFO[m] [1mBuilding label-server 0.1.0-SNAPSHOT[m
[[1;34mINFO[m] [1m--------------------------------[ jar ]---------------------------------[m
[[1;34mINFO[m] 
[[1;34mINFO[m] [1m>>> [0;32mspring-boot-maven-plugin:3.4.1:run[m [1m(default-cli)[0;1m > [0;1mtest-compile[m @ [36mlabel-server[0;1m >>>[m
[[1;34mINFO[m] 
[[1;34mINFO[m] [1m--- [0;32mmaven-resources-plugin:2.6:resources[m [1m(default-resources)[m @ [36mlabel-server[0;1m ---[m
[[1;33mWARNING[m] Using platform encoding (UTF-8 actually) to copy filtered resources, i.e. build is platform dependent!
[[1;34mINFO[m] Copying 1 resource
[[1;34mINFO[m] 
[[1;34mINFO[m] [1m--- [0;32mmaven-compiler-plugin:3.1:compile[m [1m(default-compile)[m @ [36mlabel-server[0;1m ---[m
[[1;34mINFO[m] Nothing to compile - all classes are up to date
[[1;34mINFO[m] 
[[1;34mINFO[m] [1m--- [0;32mmaven-resources-plugin:2.6:testResources[m [1m(default-testResources)[m @ [36mlabel-server[0;1m ---[m
[[1;33mWARNING[m] Using platform encoding (UTF-8 actually) to copy filtered resources, i.e. build is platform dependent!
[[1;34mINFO[m] skip non existing resourceDirectory /home/gopal/label/label-server/src/test/resources
[[1;34mINFO[m] 
[[1;34mINFO[m] [1m--- [0;32mmaven-compiler-plugin:3.1:testCompile[m [1m(default-testCompile)[m @ [36mlabel-server[0;1m ---[m
[[1;34mINFO[m] Nothing to compile - all classes are up to date
[[1;34mINFO[m] 
[[1;34mINFO[m] [1m<<< [0;32mspring-boot-maven-plugin:3.4.1:run[m [1m(default-cli)[0;1m < [0;1mtest-compile[m @ [36mlabel-server[0;1m <<<[m
[[1;34mINFO[m] 
[[1;34mINFO[m] 
[[1;34mINFO[m] [1m--- [0;32mspring-boot-maven-plugin:3.4.1:run[m [1m(default-cli)[m @ [36mlabel-server[0;1m ---[m
[[1;34mINFO[m] Attaching agents: []
Standard Commons Logging discovery in action with spring-jcl: please remove commons-logging.jar from classpath in order to avoid potential conflicts

  .   ____          _            __ _ _
 /\\ / ___'_ __ _ _(_)_ __  __ _ \ \ \ \
( ( )\___ | '_ | '_| | '_ \/ _` | \ \ \ \
 \\/  ___)| |_)| | | | | || (_| |  ) ) ) )
  '  |____| .__|_| |_|_| |_\__, | / / / /
 =========|_|==============|___/=/_/_/_/

 :: Spring Boot ::                (v3.4.1)

2026-03-31T14:27:21.834+05:30  INFO 3621295 --- [           main] c.f.l.s.LabelEngineServerApplication     : Starting LabelEngineServerApplication using Java 21.0.10 with PID 3621295 (/home/gopal/label/label-server/target/classes started by gopal in /home/gopal/label/label-server)
2026-03-31T14:27:21.836+05:30  INFO 3621295 --- [           main] c.f.l.s.LabelEngineServerApplication     : No active profile set, falling back to 1 default profile: "default"
2026-03-31T14:27:22.164+05:30  INFO 3621295 --- [           main] .s.d.r.c.RepositoryConfigurationDelegate : Bootstrapping Spring Data JPA repositories in DEFAULT mode.
2026-03-31T14:27:22.191+05:30  INFO 3621295 --- [           main] .s.d.r.c.RepositoryConfigurationDelegate : Finished Spring Data repository scanning in 22 ms. Found 1 JPA repository interface.
2026-03-31T14:27:22.440+05:30  INFO 3621295 --- [           main] o.s.b.w.embedded.tomcat.TomcatWebServer  : Tomcat initialized with port 8090 (http)
2026-03-31T14:27:22.449+05:30  INFO 3621295 --- [           main] o.apache.catalina.core.StandardService   : Starting service [Tomcat]
2026-03-31T14:27:22.449+05:30  INFO 3621295 --- [           main] o.apache.catalina.core.StandardEngine    : Starting Servlet engine: [Apache Tomcat/10.1.34]
2026-03-31T14:27:22.474+05:30  INFO 3621295 --- [           main] o.a.c.c.C.[Tomcat].[localhost].[/]       : Initializing Spring embedded WebApplicationContext
2026-03-31T14:27:22.474+05:30  INFO 3621295 --- [           main] w.s.c.ServletWebServerApplicationContext : Root WebApplicationContext: initialization completed in 615 ms
Standard Commons Logging discovery in action with spring-jcl: please remove commons-logging.jar from classpath in order to avoid potential conflicts
2026-03-31T14:27:22.559+05:30  INFO 3621295 --- [           main] o.hibernate.jpa.internal.util.LogHelper  : HHH000204: Processing PersistenceUnitInfo [name: default]
2026-03-31T14:27:22.580+05:30  INFO 3621295 --- [           main] org.hibernate.Version                    : HHH000412: Hibernate ORM core version 6.6.4.Final
2026-03-31T14:27:22.592+05:30  INFO 3621295 --- [           main] o.h.c.internal.RegionFactoryInitiator    : HHH000026: Second-level cache disabled
2026-03-31T14:27:22.737+05:30  INFO 3621295 --- [           main] o.s.o.j.p.SpringPersistenceUnitInfo      : No LoadTimeWeaver setup: ignoring JPA class transformer
2026-03-31T14:27:22.751+05:30  INFO 3621295 --- [           main] com.zaxxer.hikari.HikariDataSource       : HikariPool-1 - Starting...
2026-03-31T14:27:22.825+05:30  INFO 3621295 --- [           main] com.zaxxer.hikari.pool.HikariPool        : HikariPool-1 - Added connection org.postgresql.jdbc.PgConnection@362a561e
2026-03-31T14:27:22.826+05:30  INFO 3621295 --- [           main] com.zaxxer.hikari.HikariDataSource       : HikariPool-1 - Start completed.
2026-03-31T14:27:22.841+05:30  WARN 3621295 --- [           main] org.hibernate.orm.deprecation            : HHH90000025: PostgreSQLDialect does not need to be specified explicitly using 'hibernate.dialect' (remove the property setting and it will be selected by default)
2026-03-31T14:27:22.850+05:30  INFO 3621295 --- [           main] org.hibernate.orm.connections.pooling    : HHH10001005: Database info:
	Database JDBC URL [Connecting through datasource 'HikariDataSource (HikariPool-1)']
	Database driver: undefined/unknown
	Database version: 16.13
	Autocommit mode: undefined/unknown
	Isolation level: undefined/unknown
	Minimum pool size: undefined/unknown
	Maximum pool size: undefined/unknown
2026-03-31T14:27:23.242+05:30  INFO 3621295 --- [           main] o.h.e.t.j.p.i.JtaPlatformInitiator       : HHH000489: No JTA platform available (set 'hibernate.transaction.jta.platform' to enable JTA platform integration)
2026-03-31T14:27:23.273+05:30  INFO 3621295 --- [           main] j.LocalContainerEntityManagerFactoryBean : Initialized JPA EntityManagerFactory for persistence unit 'default'
2026-03-31T14:27:23.638+05:30  INFO 3621295 --- [           main] o.s.b.w.embedded.tomcat.TomcatWebServer  : Tomcat started on port 8090 (http) with context path '/'
2026-03-31T14:27:23.643+05:30  INFO 3621295 --- [           main] c.f.l.s.LabelEngineServerApplication     : Started LabelEngineServerApplication in 2.005 seconds (process running for 2.157)
2026-03-31T14:27:54.658+05:30  INFO 3621295 --- [nio-8090-exec-1] o.a.c.c.C.[Tomcat].[localhost].[/]       : Initializing Spring DispatcherServlet 'dispatcherServlet'
2026-03-31T14:27:54.658+05:30  INFO 3621295 --- [nio-8090-exec-1] o.s.web.servlet.DispatcherServlet        : Initializing Servlet 'dispatcherServlet'
2026-03-31T14:27:54.660+05:30  INFO 3621295 --- [nio-8090-exec-1] o.s.web.servlet.DispatcherServlet        : Completed initialization in 1 ms
2026-03-31T14:27:54.997+05:30  WARN 3621295 --- [nio-8090-exec-1] o.a.pdfbox.pdmodel.font.PDType1Font      : Using fallback font LiberationSans for base font Symbol
2026-03-31T14:27:54.998+05:30  WARN 3621295 --- [nio-8090-exec-1] o.a.pdfbox.pdmodel.font.PDType1Font      : Using fallback font LiberationSans for base font ZapfDingbats
com.openhtmltopdf.load INFO:: SAX XMLReader in use (parser): com.sun.org.apache.xerces.internal.jaxp.SAXParserImpl$JAXPSAXParser
com.openhtmltopdf.load INFO:: SAX XMLReader in use (parser): com.sun.org.apache.xerces.internal.jaxp.SAXParserImpl$JAXPSAXParser
com.openhtmltopdf.load INFO:: Loaded document in ~11ms
com.openhtmltopdf.load INFO:: TIME: parse stylesheets 24ms
com.openhtmltopdf.match INFO:: media = print
com.openhtmltopdf.match INFO:: Matcher created with 167 selectors
com.openhtmltopdf.load INFO:: Loading font(custom-font) from InputStream supplier now.
com.openhtmltopdf.exception WARNING:: Item at URI file:/tmp/label_1774947474790_a13c7bab-b179-4dae-9615-707f5abfa959/ARIALUNI.TTF not found => java.io.FileNotFoundException:: /tmp/label_1774947474790_a13c7bab-b179-4dae-9615-707f5abfa959/ARIALUNI.TTF (No such file or directory)
com.openhtmltopdf.exception WARNING:: Could not load @font-face font: file:/tmp/label_1774947474790_a13c7bab-b179-4dae-9615-707f5abfa959/ARIALUNI.TTF
com.openhtmltopdf.exception WARNING:: Font metrics not available for font-description: FontDescription [_style=normal, _weight=400, _family=custom-font, _isFromFontFace=true, _isSubset=true]
com.openhtmltopdf.render WARNING:: Font is null for font-description: FontDescription [_style=normal, _weight=400, _family=custom-font, _isFromFontFace=true, _isSubset=true]
com.openhtmltopdf.general INFO:: Using fast-mode renderer. Prepare to fly.
2026-03-31T14:34:20.911+05:30  INFO 3621295 --- [ionShutdownHook] o.s.b.w.e.tomcat.GracefulShutdown        : Commencing graceful shutdown. Waiting for active requests to complete
2026-03-31T14:34:20.914+05:30  INFO 3621295 --- [tomcat-shutdown] o.s.b.w.e.tomcat.GracefulShutdown        : Graceful shutdown complete
2026-03-31T14:34:20.916+05:30  INFO 3621295 --- [ionShutdownHook] j.LocalContainerEntityManagerFactoryBean : Closing JPA EntityManagerFactory for persistence unit 'default'
2026-03-31T14:34:20.918+05:30  INFO 3621295 --- [ionShutdownHook] com.zaxxer.hikari.HikariDataSource       : HikariPool-1 - Shutdown initiated...
2026-03-31T14:34:20.920+05:30  INFO 3621295 --- [ionShutdownHook] com.zaxxer.hikari.HikariDataSource       : HikariPool-1 - Shutdown completed.
